<?xml version="1.0" encoding="UTF-8"?>
<!-- Generated by org.testng.reporters.JUnitReportReporter -->
<testsuite hostname="SIHA-BLR-01" failures="0" tests="3" name="RestAssured.API.DynamicPayload" time="2.346" errors="0" timestamp="2021-09-07T18:27:45 IST" skipped="0">
  <testcase classname="RestAssured.API.DynamicPayload" name="addBook" time="0.122"/>
  <system-out/>
  <testcase classname="RestAssured.API.DynamicPayload" name="addBook" time="0.134"/>
  <system-out/>
  <testcase classname="RestAssured.API.DynamicPayload" name="addBook" time="2.090"/>
  <system-out/>
</testsuite> <!-- RestAssured.API.DynamicPayload -->
